[2026-03-27 21:00:13Z] lead queue started deadline_epoch=1774679025
[2026-03-27 21:00:13Z] waiting for safe slot: active_gpu_count=4 preferred_idle='4 5 6 7 '
[2026-03-27 21:01:14Z] waiting for safe slot: active_gpu_count=4 preferred_idle='4 5 6 7 '
[2026-03-27 21:02:14Z] waiting for safe slot: active_gpu_count=4 preferred_idle='4 5 6 7 '
[2026-03-27 21:03:14Z] waiting for safe slot: active_gpu_count=4 preferred_idle='4 5 6 7 '
[2026-03-27 21:04:14Z] waiting for safe slot: active_gpu_count=4 preferred_idle='4 5 6 7 '
[2026-03-27 21:05:15Z] waiting for safe slot: active_gpu_count=4 preferred_idle='4 5 6 7 '
[2026-03-27 21:06:15Z] waiting for safe slot: active_gpu_count=4 preferred_idle='4 5 6 7 '
[2026-03-27 21:07:15Z] waiting for safe slot: active_gpu_count=4 preferred_idle='4 5 6 7 '
[2026-03-27 21:08:15Z] waiting for safe slot: active_gpu_count=4 preferred_idle='4 5 6 7 '
[2026-03-27 21:09:16Z] waiting for safe slot: active_gpu_count=4 preferred_idle='4 5 6 7 '
[2026-03-27 21:10:16Z] waiting for safe slot: active_gpu_count=4 preferred_idle='4 5 6 7 '
[2026-03-27 21:11:16Z] waiting for safe slot: active_gpu_count=5 preferred_idle='5 6 7 '
[2026-03-27 21:12:17Z] waiting for safe slot: active_gpu_count=5 preferred_idle='5 6 7 '
[2026-03-27 21:13:17Z] waiting for safe slot: active_gpu_count=5 preferred_idle='5 6 7 '
[2026-03-27 21:14:17Z] waiting for safe slot: active_gpu_count=5 preferred_idle='5 6 7 '
[2026-03-27 21:15:18Z] waiting for safe slot: active_gpu_count=4 preferred_idle='4 5 6 7 '
[2026-03-27 21:16:18Z] waiting for safe slot: active_gpu_count=4 preferred_idle='4 5 6 7 '
[2026-03-27 21:17:18Z] waiting for safe slot: active_gpu_count=4 preferred_idle='4 5 6 7 '
[2026-03-27 21:18:19Z] waiting for safe slot: active_gpu_count=4 preferred_idle='4 5 6 7 '
[2026-03-27 21:19:19Z] waiting for safe slot: active_gpu_count=4 preferred_idle='4 5 6 7 '
[2026-03-27 21:20:19Z] waiting for safe slot: active_gpu_count=4 preferred_idle='4 5 6 7 '
[2026-03-27 21:21:19Z] waiting for safe slot: active_gpu_count=4 preferred_idle='4 5 6 7 '
[2026-03-27 21:22:19Z] waiting for safe slot: active_gpu_count=4 preferred_idle='4 5 6 7 '
[2026-03-27 21:23:20Z] waiting for safe slot: active_gpu_count=4 preferred_idle='4 5 6 7 '
[2026-03-27 21:24:20Z] waiting for safe slot: active_gpu_count=4 preferred_idle='4 5 6 7 '
[2026-03-27 21:25:20Z] waiting for safe slot: active_gpu_count=4 preferred_idle='4 5 6 7 '
[2026-03-27 21:26:21Z] waiting for safe slot: active_gpu_count=4 preferred_idle='4 5 6 7 '
[2026-03-27 21:27:21Z] waiting for safe slot: active_gpu_count=4 preferred_idle='4 5 6 7 '
[2026-03-27 21:28:21Z] waiting for safe slot: active_gpu_count=4 preferred_idle='4 5 6 7 '
[2026-03-27 21:29:21Z] waiting for safe slot: active_gpu_count=4 preferred_idle='4 5 6 7 '
[2026-03-27 21:30:22Z] waiting for safe slot: active_gpu_count=4 preferred_idle='4 5 6 7 '
[2026-03-27 21:31:22Z] waiting for safe slot: active_gpu_count=4 preferred_idle='4 5 6 7 '
[2026-03-27 21:32:22Z] waiting for safe slot: active_gpu_count=4 preferred_idle='4 5 6 7 '
[2026-03-27 21:33:22Z] waiting for safe slot: active_gpu_count=4 preferred_idle='4 5 6 7 '
[2026-03-27 21:34:22Z] waiting for safe slot: active_gpu_count=4 preferred_idle='4 5 6 7 '
[2026-03-27 21:35:23Z] waiting for safe slot: active_gpu_count=4 preferred_idle='4 5 6 7 '
[2026-03-27 21:36:23Z] waiting for safe slot: active_gpu_count=4 preferred_idle='4 5 6 7 '
[2026-03-27 21:37:23Z] waiting for safe slot: active_gpu_count=4 preferred_idle='4 5 6 7 '
[2026-03-27 21:38:24Z] waiting for safe slot: active_gpu_count=4 preferred_idle='4 5 6 7 '
[2026-03-27 21:39:24Z] waiting for safe slot: active_gpu_count=4 preferred_idle='4 5 6 7 '
[2026-03-27 21:40:24Z] waiting for safe slot: active_gpu_count=4 preferred_idle='4 5 6 7 '
[2026-03-27 21:41:24Z] waiting for safe slot: active_gpu_count=4 preferred_idle='4 5 6 7 '
[2026-03-27 21:42:24Z] waiting for safe slot: active_gpu_count=4 preferred_idle='4 5 6 7 '
[2026-03-27 21:43:25Z] waiting for safe slot: active_gpu_count=4 preferred_idle='4 5 6 7 '
[2026-03-27 21:44:25Z] waiting for safe slot: active_gpu_count=4 preferred_idle='4 5 6 7 '
[2026-03-27 21:45:25Z] waiting for safe slot: active_gpu_count=4 preferred_idle='4 5 6 7 '
[2026-03-27 21:46:25Z] waiting for safe slot: active_gpu_count=4 preferred_idle='4 5 6 7 '
[2026-03-27 21:47:26Z] waiting for safe slot: active_gpu_count=4 preferred_idle='4 5 6 7 '
[2026-03-27 21:48:26Z] waiting for safe slot: active_gpu_count=4 preferred_idle='4 5 6 7 '
[2026-03-27 21:49:26Z] waiting for safe slot: active_gpu_count=4 preferred_idle='4 5 6 7 '
[2026-03-27 21:50:26Z] waiting for safe slot: active_gpu_count=4 preferred_idle='4 5 6 7 '
[2026-03-27 21:51:27Z] waiting for safe slot: active_gpu_count=4 preferred_idle='4 5 6 7 '
[2026-03-27 21:52:27Z] waiting for safe slot: active_gpu_count=4 preferred_idle='4 5 6 7 '
[2026-03-27 21:53:27Z] waiting for safe slot: active_gpu_count=4 preferred_idle='4 5 6 7 '
[2026-03-27 21:54:27Z] waiting for safe slot: active_gpu_count=4 preferred_idle='4 5 6 7 '
[2026-03-27 21:55:28Z] waiting for safe slot: active_gpu_count=4 preferred_idle='4 5 6 7 '
[2026-03-27 21:56:28Z] waiting for safe slot: active_gpu_count=4 preferred_idle='4 5 6 7 '
[2026-03-27 21:57:28Z] waiting for safe slot: active_gpu_count=4 preferred_idle='4 5 6 7 '
[2026-03-27 21:58:28Z] waiting for safe slot: active_gpu_count=4 preferred_idle='4 5 6 7 '
[2026-03-27 21:59:29Z] waiting for safe slot: active_gpu_count=4 preferred_idle='4 5 6 7 '
[2026-03-27 22:00:29Z] waiting for safe slot: active_gpu_count=4 preferred_idle='4 5 6 7 '
[2026-03-27 22:01:29Z] waiting for safe slot: active_gpu_count=4 preferred_idle='4 5 6 7 '
[2026-03-27 22:02:29Z] waiting for safe slot: active_gpu_count=4 preferred_idle='4 5 6 7 '
[2026-03-27 22:03:30Z] waiting for safe slot: active_gpu_count=4 preferred_idle='4 5 6 7 '
[2026-03-27 22:04:30Z] waiting for safe slot: active_gpu_count=4 preferred_idle='4 5 6 7 '
[2026-03-27 22:05:30Z] waiting for safe slot: active_gpu_count=4 preferred_idle='4 5 6 7 '
[2026-03-27 22:06:30Z] waiting for safe slot: active_gpu_count=4 preferred_idle='4 5 6 7 '
[2026-03-27 22:07:31Z] waiting for safe slot: active_gpu_count=4 preferred_idle='4 5 6 7 '
[2026-03-27 22:08:31Z] waiting for safe slot: active_gpu_count=4 preferred_idle='4 5 6 7 '
[2026-03-27 22:09:31Z] waiting for safe slot: active_gpu_count=4 preferred_idle='4 5 6 7 '
[2026-03-27 22:10:31Z] waiting for safe slot: active_gpu_count=4 preferred_idle='4 5 6 7 '
[2026-03-27 22:11:32Z] waiting for safe slot: active_gpu_count=4 preferred_idle='4 5 6 7 '
[2026-03-27 22:12:32Z] waiting for safe slot: active_gpu_count=4 preferred_idle='4 5 6 7 '
[2026-03-27 22:13:32Z] waiting for safe slot: active_gpu_count=4 preferred_idle='4 5 6 7 '
[2026-03-27 22:14:32Z] waiting for safe slot: active_gpu_count=4 preferred_idle='4 5 6 7 '
[2026-03-27 22:15:32Z] waiting for safe slot: active_gpu_count=4 preferred_idle='4 5 6 7 '
[2026-03-27 22:16:33Z] waiting for safe slot: active_gpu_count=4 preferred_idle='4 5 6 7 '
[2026-03-27 22:17:33Z] waiting for safe slot: active_gpu_count=4 preferred_idle='4 5 6 7 '
[2026-03-27 22:18:33Z] waiting for safe slot: active_gpu_count=4 preferred_idle='4 5 6 7 '
[2026-03-27 22:19:33Z] waiting for safe slot: active_gpu_count=4 preferred_idle='4 5 6 7 '
[2026-03-27 22:20:34Z] waiting for safe slot: active_gpu_count=4 preferred_idle='4 5 6 7 '
[2026-03-27 22:21:34Z] waiting for safe slot: active_gpu_count=4 preferred_idle='4 5 6 7 '
[2026-03-27 22:22:34Z] waiting for safe slot: active_gpu_count=4 preferred_idle='4 5 6 7 '
[2026-03-27 22:23:34Z] waiting for safe slot: active_gpu_count=4 preferred_idle='4 5 6 7 '
[2026-03-27 22:24:35Z] waiting for safe slot: active_gpu_count=4 preferred_idle='4 5 6 7 '
[2026-03-27 22:25:35Z] waiting for safe slot: active_gpu_count=4 preferred_idle='4 5 6 7 '
[2026-03-27 22:26:35Z] waiting for safe slot: active_gpu_count=4 preferred_idle='4 5 6 7 '
[2026-03-27 22:27:35Z] waiting for safe slot: active_gpu_count=4 preferred_idle='4 5 6 7 '
[2026-03-27 22:28:36Z] waiting for safe slot: active_gpu_count=4 preferred_idle='4 5 6 7 '
[2026-03-27 22:29:36Z] waiting for safe slot: active_gpu_count=4 preferred_idle='4 5 6 7 '
[2026-03-27 22:30:36Z] waiting for safe slot: active_gpu_count=4 preferred_idle='4 5 6 7 '
[2026-03-27 22:31:36Z] waiting for safe slot: active_gpu_count=4 preferred_idle='4 5 6 7 '
[2026-03-27 22:32:37Z] waiting for safe slot: active_gpu_count=4 preferred_idle='4 5 6 7 '
[2026-03-27 22:33:37Z] waiting for safe slot: active_gpu_count=4 preferred_idle='4 5 6 7 '
[2026-03-27 22:34:37Z] waiting for safe slot: active_gpu_count=4 preferred_idle='4 5 6 7 '
[2026-03-27 22:35:37Z] waiting for safe slot: active_gpu_count=4 preferred_idle='4 5 6 7 '
[2026-03-27 22:36:38Z] waiting for safe slot: active_gpu_count=4 preferred_idle='4 5 6 7 '
[2026-03-27 22:37:38Z] waiting for safe slot: active_gpu_count=4 preferred_idle='4 5 6 7 '
[2026-03-27 22:38:38Z] waiting for safe slot: active_gpu_count=4 preferred_idle='4 5 6 7 '
[2026-03-27 22:39:38Z] waiting for safe slot: active_gpu_count=4 preferred_idle='4 5 6 7 '
[2026-03-27 22:40:39Z] waiting for safe slot: active_gpu_count=4 preferred_idle='4 5 6 7 '
[2026-03-27 22:41:39Z] waiting for safe slot: active_gpu_count=4 preferred_idle='4 5 6 7 '
[2026-03-27 22:42:39Z] waiting for safe slot: active_gpu_count=4 preferred_idle='4 5 6 7 '
[2026-03-27 22:43:39Z] waiting for safe slot: active_gpu_count=4 preferred_idle='4 5 6 7 '
[2026-03-27 22:44:40Z] waiting for safe slot: active_gpu_count=4 preferred_idle='4 5 6 7 '
[2026-03-27 22:45:40Z] waiting for safe slot: active_gpu_count=4 preferred_idle='4 5 6 7 '
[2026-03-27 22:46:40Z] waiting for safe slot: active_gpu_count=4 preferred_idle='4 5 6 7 '
[2026-03-27 22:47:40Z] waiting for safe slot: active_gpu_count=4 preferred_idle='4 5 6 7 '
[2026-03-27 22:48:41Z] waiting for safe slot: active_gpu_count=4 preferred_idle='4 5 6 7 '
[2026-03-27 22:49:41Z] waiting for safe slot: active_gpu_count=4 preferred_idle='4 5 6 7 '
[2026-03-27 22:50:41Z] waiting for safe slot: active_gpu_count=4 preferred_idle='4 5 6 7 '
[2026-03-27 22:51:41Z] waiting for safe slot: active_gpu_count=4 preferred_idle='4 5 6 7 '
[2026-03-27 22:52:42Z] waiting for safe slot: active_gpu_count=4 preferred_idle='4 5 6 7 '
[2026-03-27 22:53:42Z] waiting for safe slot: active_gpu_count=4 preferred_idle='4 5 6 7 '
[2026-03-27 22:54:42Z] waiting for safe slot: active_gpu_count=4 preferred_idle='4 5 6 7 '
[2026-03-27 22:55:42Z] waiting for safe slot: active_gpu_count=4 preferred_idle='4 5 6 7 '
[2026-03-27 22:56:43Z] waiting for safe slot: active_gpu_count=4 preferred_idle='4 5 6 7 '
[2026-03-27 22:57:43Z] waiting for safe slot: active_gpu_count=4 preferred_idle='4 5 6 7 '
[2026-03-27 22:58:43Z] waiting for safe slot: active_gpu_count=4 preferred_idle='4 5 6 7 '
[2026-03-27 22:59:43Z] waiting for safe slot: active_gpu_count=4 preferred_idle='4 5 6 7 '
[2026-03-27 23:00:44Z] waiting for safe slot: active_gpu_count=4 preferred_idle='4 5 6 7 '
[2026-03-27 23:01:44Z] waiting for safe slot: active_gpu_count=4 preferred_idle='4 5 6 7 '
[2026-03-27 23:02:44Z] waiting for safe slot: active_gpu_count=4 preferred_idle='4 5 6 7 '
[2026-03-27 23:03:44Z] waiting for safe slot: active_gpu_count=4 preferred_idle='4 5 6 7 '
[2026-03-27 23:04:45Z] waiting for safe slot: active_gpu_count=4 preferred_idle='4 5 6 7 '
[2026-03-27 23:05:45Z] waiting for safe slot: active_gpu_count=4 preferred_idle='4 5 6 7 '
[2026-03-27 23:06:45Z] waiting for safe slot: active_gpu_count=4 preferred_idle='4 5 6 7 '
[2026-03-27 23:07:45Z] waiting for safe slot: active_gpu_count=4 preferred_idle='4 5 6 7 '
[2026-03-27 23:08:46Z] waiting for safe slot: active_gpu_count=4 preferred_idle='4 5 6 7 '
[2026-03-27 23:09:46Z] waiting for safe slot: active_gpu_count=4 preferred_idle='4 5 6 7 '
[2026-03-27 23:10:46Z] waiting for safe slot: active_gpu_count=4 preferred_idle='4 5 6 7 '
[2026-03-27 23:11:46Z] waiting for safe slot: active_gpu_count=4 preferred_idle='4 5 6 7 '
[2026-03-27 23:12:47Z] waiting for safe slot: active_gpu_count=4 preferred_idle='4 5 6 7 '
[2026-03-27 23:13:47Z] waiting for safe slot: active_gpu_count=4 preferred_idle='4 5 6 7 '
[2026-03-27 23:14:47Z] waiting for safe slot: active_gpu_count=4 preferred_idle='4 5 6 7 '
[2026-03-27 23:15:47Z] waiting for safe slot: active_gpu_count=4 preferred_idle='4 5 6 7 '
[2026-03-27 23:16:48Z] waiting for safe slot: active_gpu_count=4 preferred_idle='4 5 6 7 '
[2026-03-27 23:17:48Z] waiting for safe slot: active_gpu_count=4 preferred_idle='4 5 6 7 '
[2026-03-27 23:18:48Z] waiting for safe slot: active_gpu_count=4 preferred_idle='4 5 6 7 '
[2026-03-27 23:19:48Z] waiting for safe slot: active_gpu_count=4 preferred_idle='4 5 6 7 '
[2026-03-27 23:20:48Z] waiting for safe slot: active_gpu_count=4 preferred_idle='4 5 6 7 '
[2026-03-27 23:21:49Z] waiting for safe slot: active_gpu_count=4 preferred_idle='4 5 6 7 '
[2026-03-27 23:22:49Z] waiting for safe slot: active_gpu_count=4 preferred_idle='4 5 6 7 '
[2026-03-27 23:23:49Z] waiting for safe slot: active_gpu_count=4 preferred_idle='4 5 6 7 '
[2026-03-27 23:24:49Z] waiting for safe slot: active_gpu_count=4 preferred_idle='4 5 6 7 '
[2026-03-27 23:25:50Z] waiting for safe slot: active_gpu_count=4 preferred_idle='4 5 6 7 '
[2026-03-27 23:26:50Z] waiting for safe slot: active_gpu_count=4 preferred_idle='4 5 6 7 '
[2026-03-27 23:27:50Z] waiting for safe slot: active_gpu_count=4 preferred_idle='4 5 6 7 '
[2026-03-27 23:28:50Z] waiting for safe slot: active_gpu_count=4 preferred_idle='4 5 6 7 '
[2026-03-27 23:29:51Z] waiting for safe slot: active_gpu_count=4 preferred_idle='4 5 6 7 '
[2026-03-27 23:30:51Z] waiting for safe slot: active_gpu_count=4 preferred_idle='4 5 6 7 '
[2026-03-27 23:31:51Z] waiting for safe slot: active_gpu_count=4 preferred_idle='4 5 6 7 '
[2026-03-27 23:32:51Z] waiting for safe slot: active_gpu_count=4 preferred_idle='4 5 6 7 '
[2026-03-27 23:33:52Z] waiting for safe slot: active_gpu_count=4 preferred_idle='4 5 6 7 '
[2026-03-27 23:34:52Z] waiting for safe slot: active_gpu_count=4 preferred_idle='4 5 6 7 '
[2026-03-27 23:35:52Z] waiting for safe slot: active_gpu_count=4 preferred_idle='4 5 6 7 '
[2026-03-27 23:36:52Z] waiting for safe slot: active_gpu_count=4 preferred_idle='4 5 6 7 '
[2026-03-27 23:37:53Z] waiting for safe slot: active_gpu_count=4 preferred_idle='4 5 6 7 '
[2026-03-27 23:38:53Z] waiting for safe slot: active_gpu_count=4 preferred_idle='4 5 6 7 '
[2026-03-27 23:39:53Z] waiting for safe slot: active_gpu_count=4 preferred_idle='4 5 6 7 '
[2026-03-27 23:40:53Z] waiting for safe slot: active_gpu_count=4 preferred_idle='4 5 6 7 '
[2026-03-27 23:41:54Z] waiting for safe slot: active_gpu_count=4 preferred_idle='4 5 6 7 '
[2026-03-27 23:42:54Z] waiting for safe slot: active_gpu_count=4 preferred_idle='4 5 6 7 '
[2026-03-27 23:43:54Z] waiting for safe slot: active_gpu_count=4 preferred_idle='4 5 6 7 '
[2026-03-27 23:44:54Z] waiting for safe slot: active_gpu_count=4 preferred_idle='4 5 6 7 '
[2026-03-27 23:45:55Z] waiting for safe slot: active_gpu_count=4 preferred_idle='4 5 6 7 '
[2026-03-27 23:46:55Z] waiting for safe slot: active_gpu_count=4 preferred_idle='4 5 6 7 '
[2026-03-27 23:47:55Z] waiting for safe slot: active_gpu_count=4 preferred_idle='4 5 6 7 '
[2026-03-27 23:48:55Z] waiting for safe slot: active_gpu_count=4 preferred_idle='4 5 6 7 '
[2026-03-27 23:49:56Z] waiting for safe slot: active_gpu_count=4 preferred_idle='4 5 6 7 '
[2026-03-27 23:50:56Z] waiting for safe slot: active_gpu_count=4 preferred_idle='4 5 6 7 '
[2026-03-27 23:51:56Z] waiting for safe slot: active_gpu_count=4 preferred_idle='4 5 6 7 '
[2026-03-27 23:52:56Z] waiting for safe slot: active_gpu_count=4 preferred_idle='4 5 6 7 '
[2026-03-27 23:53:57Z] waiting for safe slot: active_gpu_count=4 preferred_idle='4 5 6 7 '
[2026-03-27 23:54:57Z] waiting for safe slot: active_gpu_count=4 preferred_idle='4 5 6 7 '
[2026-03-27 23:55:57Z] waiting for safe slot: active_gpu_count=4 preferred_idle='4 5 6 7 '
[2026-03-27 23:56:57Z] waiting for safe slot: active_gpu_count=4 preferred_idle='4 5 6 7 '
[2026-03-27 23:57:58Z] waiting for safe slot: active_gpu_count=4 preferred_idle='4 5 6 7 '
[2026-03-27 23:58:58Z] waiting for safe slot: active_gpu_count=4 preferred_idle='4 5 6 7 '
[2026-03-27 23:59:58Z] waiting for safe slot: active_gpu_count=4 preferred_idle='4 5 6 7 '
[2026-03-28 00:00:58Z] waiting for safe slot: active_gpu_count=4 preferred_idle='4 5 6 7 '
[2026-03-28 00:01:59Z] waiting for safe slot: active_gpu_count=4 preferred_idle='4 5 6 7 '
[2026-03-28 00:02:59Z] waiting for safe slot: active_gpu_count=4 preferred_idle='4 5 6 7 '
[2026-03-28 00:03:59Z] waiting for safe slot: active_gpu_count=4 preferred_idle='4 5 6 7 '
[2026-03-28 00:05:00Z] waiting for safe slot: active_gpu_count=4 preferred_idle='4 5 6 7 '
[2026-03-28 00:06:00Z] waiting for safe slot: active_gpu_count=4 preferred_idle='4 5 6 7 '
[2026-03-28 00:07:00Z] waiting for safe slot: active_gpu_count=4 preferred_idle='4 5 6 7 '
[2026-03-28 00:08:00Z] waiting for safe slot: active_gpu_count=4 preferred_idle='4 5 6 7 '
[2026-03-28 00:09:00Z] waiting for safe slot: active_gpu_count=4 preferred_idle='4 5 6 7 '
[2026-03-28 00:10:01Z] waiting for safe slot: active_gpu_count=4 preferred_idle='4 5 6 7 '
[2026-03-28 00:11:01Z] waiting for safe slot: active_gpu_count=4 preferred_idle='4 5 6 7 '
[2026-03-28 00:12:01Z] waiting for safe slot: active_gpu_count=4 preferred_idle='4 5 6 7 '
[2026-03-28 00:13:02Z] waiting for safe slot: active_gpu_count=4 preferred_idle='4 5 6 7 '
[2026-03-28 00:14:02Z] waiting for safe slot: active_gpu_count=4 preferred_idle='4 5 6 7 '
[2026-03-28 00:15:02Z] waiting for safe slot: active_gpu_count=4 preferred_idle='4 5 6 7 '
[2026-03-28 00:16:02Z] waiting for safe slot: active_gpu_count=4 preferred_idle='4 5 6 7 '
[2026-03-28 00:17:03Z] waiting for safe slot: active_gpu_count=4 preferred_idle='4 5 6 7 '
[2026-03-28 00:18:03Z] waiting for safe slot: active_gpu_count=4 preferred_idle='4 5 6 7 '
[2026-03-28 00:19:03Z] waiting for safe slot: active_gpu_count=4 preferred_idle='4 5 6 7 '
[2026-03-28 00:20:03Z] waiting for safe slot: active_gpu_count=4 preferred_idle='4 5 6 7 '
[2026-03-28 00:21:04Z] waiting for safe slot: active_gpu_count=4 preferred_idle='4 5 6 7 '
[2026-03-28 00:22:04Z] waiting for safe slot: active_gpu_count=4 preferred_idle='4 5 6 7 '
[2026-03-28 00:23:04Z] waiting for safe slot: active_gpu_count=4 preferred_idle='4 5 6 7 '
[2026-03-28 00:24:04Z] waiting for safe slot: active_gpu_count=4 preferred_idle='4 5 6 7 '
[2026-03-28 00:25:04Z] waiting for safe slot: active_gpu_count=4 preferred_idle='4 5 6 7 '
[2026-03-28 00:26:05Z] waiting for safe slot: active_gpu_count=4 preferred_idle='4 5 6 7 '
[2026-03-28 00:27:05Z] waiting for safe slot: active_gpu_count=4 preferred_idle='4 5 6 7 '
[2026-03-28 00:28:05Z] waiting for safe slot: active_gpu_count=4 preferred_idle='4 5 6 7 '
[2026-03-28 00:29:05Z] waiting for safe slot: active_gpu_count=4 preferred_idle='4 5 6 7 '
[2026-03-28 00:30:06Z] waiting for safe slot: active_gpu_count=4 preferred_idle='4 5 6 7 '
[2026-03-28 00:31:06Z] waiting for safe slot: active_gpu_count=4 preferred_idle='4 5 6 7 '
[2026-03-28 00:32:06Z] waiting for safe slot: active_gpu_count=4 preferred_idle='4 5 6 7 '
[2026-03-28 00:33:06Z] waiting for safe slot: active_gpu_count=4 preferred_idle='4 5 6 7 '
[2026-03-28 00:34:07Z] waiting for safe slot: active_gpu_count=4 preferred_idle='4 5 6 7 '
[2026-03-28 00:35:07Z] waiting for safe slot: active_gpu_count=4 preferred_idle='4 5 6 7 '
[2026-03-28 00:36:07Z] waiting for safe slot: active_gpu_count=4 preferred_idle='4 5 6 7 '
[2026-03-28 00:37:07Z] waiting for safe slot: active_gpu_count=4 preferred_idle='4 5 6 7 '
[2026-03-28 00:38:08Z] waiting for safe slot: active_gpu_count=4 preferred_idle='4 5 6 7 '
[2026-03-28 00:39:08Z] waiting for safe slot: active_gpu_count=4 preferred_idle='4 5 6 7 '
[2026-03-28 00:40:08Z] waiting for safe slot: active_gpu_count=4 preferred_idle='4 5 6 7 '
[2026-03-28 00:41:08Z] waiting for safe slot: active_gpu_count=4 preferred_idle='4 5 6 7 '
[2026-03-28 00:42:09Z] waiting for safe slot: active_gpu_count=4 preferred_idle='4 5 6 7 '
[2026-03-28 00:43:09Z] waiting for safe slot: active_gpu_count=4 preferred_idle='4 5 6 7 '
[2026-03-28 00:44:09Z] waiting for safe slot: active_gpu_count=4 preferred_idle='4 5 6 7 '
[2026-03-28 00:45:09Z] waiting for safe slot: active_gpu_count=4 preferred_idle='4 5 6 7 '
[2026-03-28 00:46:10Z] waiting for safe slot: active_gpu_count=4 preferred_idle='4 5 6 7 '
[2026-03-28 00:47:10Z] waiting for safe slot: active_gpu_count=4 preferred_idle='4 5 6 7 '
[2026-03-28 00:48:10Z] waiting for safe slot: active_gpu_count=4 preferred_idle='4 5 6 7 '
[2026-03-28 00:49:10Z] waiting for safe slot: active_gpu_count=4 preferred_idle='4 5 6 7 '
[2026-03-28 00:50:11Z] waiting for safe slot: active_gpu_count=4 preferred_idle='4 5 6 7 '
[2026-03-28 00:51:11Z] waiting for safe slot: active_gpu_count=4 preferred_idle='4 5 6 7 '
[2026-03-28 00:52:11Z] waiting for safe slot: active_gpu_count=4 preferred_idle='4 5 6 7 '
[2026-03-28 00:53:11Z] waiting for safe slot: active_gpu_count=4 preferred_idle='4 5 6 7 '
[2026-03-28 00:54:12Z] waiting for safe slot: active_gpu_count=4 preferred_idle='4 5 6 7 '
[2026-03-28 00:55:12Z] waiting for safe slot: active_gpu_count=4 preferred_idle='4 5 6 7 '
[2026-03-28 00:56:12Z] waiting for safe slot: active_gpu_count=4 preferred_idle='4 5 6 7 '
[2026-03-28 00:57:12Z] waiting for safe slot: active_gpu_count=4 preferred_idle='4 5 6 7 '
[2026-03-28 00:58:13Z] waiting for safe slot: active_gpu_count=4 preferred_idle='4 5 6 7 '
[2026-03-28 00:59:13Z] waiting for safe slot: active_gpu_count=4 preferred_idle='4 5 6 7 '
[2026-03-28 01:00:13Z] waiting for safe slot: active_gpu_count=4 preferred_idle='4 5 6 7 '
[2026-03-28 01:01:13Z] waiting for safe slot: active_gpu_count=4 preferred_idle='4 5 6 7 '
[2026-03-28 01:02:14Z] waiting for safe slot: active_gpu_count=4 preferred_idle='4 5 6 7 '
[2026-03-28 01:03:14Z] waiting for safe slot: active_gpu_count=4 preferred_idle='4 5 6 7 '
[2026-03-28 01:04:14Z] waiting for safe slot: active_gpu_count=4 preferred_idle='4 5 6 7 '
[2026-03-28 01:05:14Z] waiting for safe slot: active_gpu_count=4 preferred_idle='4 5 6 7 '
[2026-03-28 01:06:14Z] waiting for safe slot: active_gpu_count=4 preferred_idle='4 5 6 7 '
[2026-03-28 01:07:15Z] waiting for safe slot: active_gpu_count=4 preferred_idle='4 5 6 7 '
[2026-03-28 01:08:15Z] waiting for safe slot: active_gpu_count=4 preferred_idle='4 5 6 7 '
[2026-03-28 01:09:15Z] waiting for safe slot: active_gpu_count=4 preferred_idle='4 5 6 7 '
[2026-03-28 01:10:15Z] waiting for safe slot: active_gpu_count=4 preferred_idle='4 5 6 7 '
[2026-03-28 01:11:16Z] waiting for safe slot: active_gpu_count=4 preferred_idle='4 5 6 7 '
[2026-03-28 01:12:16Z] waiting for safe slot: active_gpu_count=4 preferred_idle='4 5 6 7 '
[2026-03-28 01:13:16Z] waiting for safe slot: active_gpu_count=4 preferred_idle='4 5 6 7 '
[2026-03-28 01:14:17Z] waiting for safe slot: active_gpu_count=4 preferred_idle='4 5 6 7 '
[2026-03-28 01:15:17Z] waiting for safe slot: active_gpu_count=4 preferred_idle='4 5 6 7 '
[2026-03-28 01:16:17Z] waiting for safe slot: active_gpu_count=4 preferred_idle='4 5 6 7 '
[2026-03-28 01:17:18Z] waiting for safe slot: active_gpu_count=4 preferred_idle='4 5 6 7 '
[2026-03-28 01:18:18Z] waiting for safe slot: active_gpu_count=4 preferred_idle='4 5 6 7 '
[2026-03-28 01:19:18Z] waiting for safe slot: active_gpu_count=4 preferred_idle='4 5 6 7 '
[2026-03-28 01:20:19Z] waiting for safe slot: active_gpu_count=4 preferred_idle='4 5 6 7 '
[2026-03-28 01:21:19Z] waiting for safe slot: active_gpu_count=4 preferred_idle='4 5 6 7 '
[2026-03-28 01:22:19Z] waiting for safe slot: active_gpu_count=4 preferred_idle='4 5 6 7 '
[2026-03-28 01:23:19Z] waiting for safe slot: active_gpu_count=4 preferred_idle='4 5 6 7 '
[2026-03-28 01:24:20Z] waiting for safe slot: active_gpu_count=4 preferred_idle='4 5 6 7 '
[2026-03-28 01:25:20Z] waiting for safe slot: active_gpu_count=4 preferred_idle='4 5 6 7 '
[2026-03-28 01:26:20Z] waiting for safe slot: active_gpu_count=4 preferred_idle='4 5 6 7 '
[2026-03-28 01:27:20Z] waiting for safe slot: active_gpu_count=4 preferred_idle='4 5 6 7 '
[2026-03-28 01:28:20Z] waiting for safe slot: active_gpu_count=4 preferred_idle='4 5 6 7 '
[2026-03-28 01:29:21Z] waiting for safe slot: active_gpu_count=4 preferred_idle='4 5 6 7 '
[2026-03-28 01:30:21Z] waiting for safe slot: active_gpu_count=4 preferred_idle='4 5 6 7 '
[2026-03-28 01:31:21Z] waiting for safe slot: active_gpu_count=4 preferred_idle='4 5 6 7 '
[2026-03-28 01:32:21Z] waiting for safe slot: active_gpu_count=4 preferred_idle='4 5 6 7 '
[2026-03-28 01:33:22Z] waiting for safe slot: active_gpu_count=4 preferred_idle='4 5 6 7 '
[2026-03-28 01:34:22Z] waiting for safe slot: active_gpu_count=4 preferred_idle='4 5 6 7 '
[2026-03-28 01:35:22Z] waiting for safe slot: active_gpu_count=4 preferred_idle='4 5 6 7 '
[2026-03-28 01:36:22Z] waiting for safe slot: active_gpu_count=4 preferred_idle='4 5 6 7 '
[2026-03-28 01:37:23Z] waiting for safe slot: active_gpu_count=4 preferred_idle='4 5 6 7 '
[2026-03-28 01:38:23Z] waiting for safe slot: active_gpu_count=4 preferred_idle='4 5 6 7 '
[2026-03-28 01:39:23Z] waiting for safe slot: active_gpu_count=4 preferred_idle='4 5 6 7 '
[2026-03-28 01:40:23Z] waiting for safe slot: active_gpu_count=4 preferred_idle='4 5 6 7 '
[2026-03-28 01:41:24Z] waiting for safe slot: active_gpu_count=4 preferred_idle='4 5 6 7 '
[2026-03-28 01:42:24Z] waiting for safe slot: active_gpu_count=4 preferred_idle='4 5 6 7 '
[2026-03-28 01:43:24Z] waiting for safe slot: active_gpu_count=4 preferred_idle='4 5 6 7 '
[2026-03-28 01:44:24Z] waiting for safe slot: active_gpu_count=4 preferred_idle='4 5 6 7 '
[2026-03-28 01:45:25Z] waiting for safe slot: active_gpu_count=4 preferred_idle='4 5 6 7 '
[2026-03-28 01:46:25Z] waiting for safe slot: active_gpu_count=4 preferred_idle='4 5 6 7 '
[2026-03-28 01:47:25Z] waiting for safe slot: active_gpu_count=4 preferred_idle='4 5 6 7 '
[2026-03-28 01:48:25Z] waiting for safe slot: active_gpu_count=4 preferred_idle='4 5 6 7 '
[2026-03-28 01:49:26Z] waiting for safe slot: active_gpu_count=4 preferred_idle='4 5 6 7 '
[2026-03-28 01:50:26Z] waiting for safe slot: active_gpu_count=4 preferred_idle='4 5 6 7 '
[2026-03-28 01:51:26Z] waiting for safe slot: active_gpu_count=4 preferred_idle='4 5 6 7 '
[2026-03-28 01:52:26Z] waiting for safe slot: active_gpu_count=4 preferred_idle='4 5 6 7 '
[2026-03-28 01:53:26Z] waiting for safe slot: active_gpu_count=4 preferred_idle='4 5 6 7 '
[2026-03-28 01:54:27Z] waiting for safe slot: active_gpu_count=4 preferred_idle='4 5 6 7 '
[2026-03-28 01:55:27Z] waiting for safe slot: active_gpu_count=4 preferred_idle='4 5 6 7 '
[2026-03-28 01:56:27Z] waiting for safe slot: active_gpu_count=4 preferred_idle='4 5 6 7 '
[2026-03-28 01:57:28Z] waiting for safe slot: active_gpu_count=4 preferred_idle='4 5 6 7 '
[2026-03-28 01:58:28Z] waiting for safe slot: active_gpu_count=4 preferred_idle='4 5 6 7 '
[2026-03-28 01:59:28Z] waiting for safe slot: active_gpu_count=4 preferred_idle='4 5 6 7 '
[2026-03-28 02:00:28Z] waiting for safe slot: active_gpu_count=4 preferred_idle='4 5 6 7 '
[2026-03-28 02:01:29Z] waiting for safe slot: active_gpu_count=4 preferred_idle='4 5 6 7 '
[2026-03-28 02:02:29Z] waiting for safe slot: active_gpu_count=4 preferred_idle='4 5 6 7 '
[2026-03-28 02:03:29Z] waiting for safe slot: active_gpu_count=4 preferred_idle='4 5 6 7 '
[2026-03-28 02:04:29Z] waiting for safe slot: active_gpu_count=4 preferred_idle='4 5 6 7 '
[2026-03-28 02:05:30Z] waiting for safe slot: active_gpu_count=4 preferred_idle='4 5 6 7 '
[2026-03-28 02:06:30Z] waiting for safe slot: active_gpu_count=4 preferred_idle='4 5 6 7 '
[2026-03-28 02:07:30Z] waiting for safe slot: active_gpu_count=4 preferred_idle='4 5 6 7 '
[2026-03-28 02:08:31Z] waiting for safe slot: active_gpu_count=4 preferred_idle='4 5 6 7 '
[2026-03-28 02:09:31Z] waiting for safe slot: active_gpu_count=4 preferred_idle='4 5 6 7 '
[2026-03-28 02:10:31Z] waiting for safe slot: active_gpu_count=4 preferred_idle='4 5 6 7 '
[2026-03-28 02:11:31Z] waiting for safe slot: active_gpu_count=4 preferred_idle='4 5 6 7 '
[2026-03-28 02:12:32Z] waiting for safe slot: active_gpu_count=4 preferred_idle='4 5 6 7 '
[2026-03-28 02:13:32Z] waiting for safe slot: active_gpu_count=4 preferred_idle='4 5 6 7 '
[2026-03-28 02:14:32Z] waiting for safe slot: active_gpu_count=4 preferred_idle='4 5 6 7 '
[2026-03-28 02:15:32Z] waiting for safe slot: active_gpu_count=4 preferred_idle='4 5 6 7 '
[2026-03-28 02:16:32Z] waiting for safe slot: active_gpu_count=4 preferred_idle='4 5 6 7 '
[2026-03-28 02:17:33Z] waiting for safe slot: active_gpu_count=4 preferred_idle='4 5 6 7 '
[2026-03-28 02:18:33Z] waiting for safe slot: active_gpu_count=4 preferred_idle='4 5 6 7 '
[2026-03-28 02:19:33Z] waiting for safe slot: active_gpu_count=4 preferred_idle='4 5 6 7 '
[2026-03-28 02:20:33Z] waiting for safe slot: active_gpu_count=4 preferred_idle='4 5 6 7 '
[2026-03-28 02:21:34Z] waiting for safe slot: active_gpu_count=4 preferred_idle='4 5 6 7 '
[2026-03-28 02:22:34Z] waiting for safe slot: active_gpu_count=4 preferred_idle='4 5 6 7 '
[2026-03-28 02:23:34Z] waiting for safe slot: active_gpu_count=4 preferred_idle='4 5 6 7 '
[2026-03-28 02:24:34Z] waiting for safe slot: active_gpu_count=4 preferred_idle='4 5 6 7 '
[2026-03-28 02:25:35Z] waiting for safe slot: active_gpu_count=4 preferred_idle='4 5 6 7 '
[2026-03-28 02:26:35Z] waiting for safe slot: active_gpu_count=4 preferred_idle='4 5 6 7 '
[2026-03-28 02:27:35Z] waiting for safe slot: active_gpu_count=4 preferred_idle='4 5 6 7 '
[2026-03-28 02:28:35Z] waiting for safe slot: active_gpu_count=4 preferred_idle='4 5 6 7 '
[2026-03-28 02:29:36Z] waiting for safe slot: active_gpu_count=4 preferred_idle='4 5 6 7 '
[2026-03-28 02:30:36Z] waiting for safe slot: active_gpu_count=4 preferred_idle='4 5 6 7 '
[2026-03-28 02:31:36Z] waiting for safe slot: active_gpu_count=4 preferred_idle='4 5 6 7 '
[2026-03-28 02:32:36Z] waiting for safe slot: active_gpu_count=4 preferred_idle='4 5 6 7 '
[2026-03-28 02:33:37Z] waiting for safe slot: active_gpu_count=4 preferred_idle='4 5 6 7 '
[2026-03-28 02:34:37Z] waiting for safe slot: active_gpu_count=4 preferred_idle='4 5 6 7 '
[2026-03-28 02:35:37Z] waiting for safe slot: active_gpu_count=4 preferred_idle='4 5 6 7 '
[2026-03-28 02:36:37Z] waiting for safe slot: active_gpu_count=4 preferred_idle='4 5 6 7 '
[2026-03-28 02:37:38Z] waiting for safe slot: active_gpu_count=4 preferred_idle='4 5 6 7 '
[2026-03-28 02:38:38Z] waiting for safe slot: active_gpu_count=4 preferred_idle='4 5 6 7 '
[2026-03-28 02:39:38Z] waiting for safe slot: active_gpu_count=4 preferred_idle='4 5 6 7 '
[2026-03-28 02:40:38Z] waiting for safe slot: active_gpu_count=4 preferred_idle='4 5 6 7 '
[2026-03-28 02:41:39Z] waiting for safe slot: active_gpu_count=4 preferred_idle='4 5 6 7 '
[2026-03-28 02:42:39Z] waiting for safe slot: active_gpu_count=4 preferred_idle='4 5 6 7 '
[2026-03-28 02:43:39Z] waiting for safe slot: active_gpu_count=4 preferred_idle='4 5 6 7 '
[2026-03-28 02:44:39Z] waiting for safe slot: active_gpu_count=4 preferred_idle='4 5 6 7 '
[2026-03-28 02:45:40Z] waiting for safe slot: active_gpu_count=4 preferred_idle='4 5 6 7 '
[2026-03-28 02:46:40Z] waiting for safe slot: active_gpu_count=4 preferred_idle='4 5 6 7 '
[2026-03-28 02:47:40Z] waiting for safe slot: active_gpu_count=4 preferred_idle='4 5 6 7 '
[2026-03-28 02:48:40Z] waiting for safe slot: active_gpu_count=4 preferred_idle='4 5 6 7 '
[2026-03-28 02:49:41Z] waiting for safe slot: active_gpu_count=4 preferred_idle='4 5 6 7 '
[2026-03-28 02:50:41Z] waiting for safe slot: active_gpu_count=4 preferred_idle='4 5 6 7 '
[2026-03-28 02:51:41Z] waiting for safe slot: active_gpu_count=4 preferred_idle='4 5 6 7 '
[2026-03-28 02:52:41Z] waiting for safe slot: active_gpu_count=4 preferred_idle='4 5 6 7 '
[2026-03-28 02:53:42Z] waiting for safe slot: active_gpu_count=4 preferred_idle='4 5 6 7 '
[2026-03-28 02:54:42Z] waiting for safe slot: active_gpu_count=4 preferred_idle='4 5 6 7 '
[2026-03-28 02:55:42Z] waiting for safe slot: active_gpu_count=8 preferred_idle='none'
[2026-03-28 02:56:43Z] waiting for safe slot: active_gpu_count=8 preferred_idle='none'
[2026-03-28 02:57:43Z] waiting for safe slot: active_gpu_count=7 preferred_idle='none'
[2026-03-28 02:58:43Z] waiting for safe slot: active_gpu_count=7 preferred_idle='5 '
[2026-03-28 02:59:44Z] waiting for safe slot: active_gpu_count=8 preferred_idle='none'
[2026-03-28 03:00:45Z] waiting for safe slot: active_gpu_count=6 preferred_idle='4 6 '
[2026-03-28 03:01:45Z] waiting for safe slot: active_gpu_count=6 preferred_idle='6 7 '
[2026-03-28 03:02:45Z] waiting for safe slot: active_gpu_count=6 preferred_idle='4 6 '
[2026-03-28 03:03:46Z] waiting for safe slot: active_gpu_count=7 preferred_idle='7 '
[2026-03-28 03:04:47Z] waiting for safe slot: active_gpu_count=7 preferred_idle='none'
[2026-03-28 03:05:47Z] waiting for safe slot: active_gpu_count=6 preferred_idle='4 7 '
[2026-03-28 03:06:48Z] waiting for safe slot: active_gpu_count=7 preferred_idle='7 '
[2026-03-28 03:07:48Z] waiting for safe slot: active_gpu_count=7 preferred_idle='5 '
[2026-03-28 03:08:49Z] waiting for safe slot: active_gpu_count=8 preferred_idle='none'
[2026-03-28 03:09:50Z] waiting for safe slot: active_gpu_count=6 preferred_idle='6 '
[2026-03-28 03:10:50Z] waiting for safe slot: active_gpu_count=7 preferred_idle='5 6 '
[2026-03-28 03:11:51Z] waiting for safe slot: active_gpu_count=7 preferred_idle='7 '
[2026-03-28 03:12:51Z] waiting for safe slot: active_gpu_count=7 preferred_idle='none'
[2026-03-28 03:13:52Z] waiting for safe slot: active_gpu_count=7 preferred_idle='none'
[2026-03-28 03:14:52Z] waiting for safe slot: active_gpu_count=6 preferred_idle='4 '
[2026-03-28 03:15:52Z] waiting for safe slot: active_gpu_count=7 preferred_idle='6 '
[2026-03-28 03:16:53Z] waiting for safe slot: active_gpu_count=6 preferred_idle='5 '
[2026-03-28 03:17:53Z] waiting for safe slot: active_gpu_count=8 preferred_idle='none'
[2026-03-28 03:18:53Z] waiting for safe slot: active_gpu_count=7 preferred_idle='6 '
[2026-03-28 03:19:54Z] waiting for safe slot: active_gpu_count=6 preferred_idle='4 5 '
[2026-03-28 03:20:54Z] waiting for safe slot: active_gpu_count=5 preferred_idle='4 5 7 '
[2026-03-28 03:21:55Z] waiting for safe slot: active_gpu_count=8 preferred_idle='none'
[2026-03-28 03:22:55Z] waiting for safe slot: active_gpu_count=6 preferred_idle='4 7 '
[2026-03-28 03:23:56Z] waiting for safe slot: active_gpu_count=8 preferred_idle='5 6 '
[2026-03-28 03:24:56Z] waiting for safe slot: active_gpu_count=6 preferred_idle='6 '
[2026-03-28 03:25:57Z] waiting for safe slot: active_gpu_count=4 preferred_idle='4 6 7 '
[2026-03-28 03:26:57Z] waiting for safe slot: active_gpu_count=4 preferred_idle='4 5 6 7 '
[2026-03-28 03:27:57Z] waiting for safe slot: active_gpu_count=4 preferred_idle='4 5 6 7 '
[2026-03-28 03:28:57Z] waiting for safe slot: active_gpu_count=4 preferred_idle='4 5 6 7 '
[2026-03-28 03:29:58Z] waiting for safe slot: active_gpu_count=4 preferred_idle='4 5 6 7 '
[2026-03-28 03:30:58Z] waiting for safe slot: active_gpu_count=4 preferred_idle='4 5 6 7 '
[2026-03-28 03:31:58Z] waiting for safe slot: active_gpu_count=4 preferred_idle='4 5 6 7 '
[2026-03-28 03:32:58Z] waiting for safe slot: active_gpu_count=4 preferred_idle='4 5 6 7 '
[2026-03-28 03:33:59Z] waiting for safe slot: active_gpu_count=4 preferred_idle='4 5 6 7 '
[2026-03-28 03:34:59Z] waiting for safe slot: active_gpu_count=4 preferred_idle='4 5 6 7 '
[2026-03-28 03:35:59Z] waiting for safe slot: active_gpu_count=4 preferred_idle='4 5 6 7 '
[2026-03-28 03:36:59Z] waiting for safe slot: active_gpu_count=4 preferred_idle='4 5 6 7 '
[2026-03-28 03:38:00Z] waiting for safe slot: active_gpu_count=4 preferred_idle='4 5 6 7 '
[2026-03-28 03:39:00Z] waiting for safe slot: active_gpu_count=4 preferred_idle='4 5 6 7 '
[2026-03-28 03:40:00Z] waiting for safe slot: active_gpu_count=4 preferred_idle='4 5 6 7 '
[2026-03-28 03:41:00Z] waiting for safe slot: active_gpu_count=4 preferred_idle='4 5 6 7 '
[2026-03-28 03:42:01Z] waiting for safe slot: active_gpu_count=4 preferred_idle='4 5 6 7 '
[2026-03-28 03:43:01Z] waiting for safe slot: active_gpu_count=4 preferred_idle='4 5 6 7 '
[2026-03-28 03:44:01Z] waiting for safe slot: active_gpu_count=4 preferred_idle='4 5 6 7 '
[2026-03-28 03:45:01Z] waiting for safe slot: active_gpu_count=4 preferred_idle='4 5 6 7 '
[2026-03-28 03:46:01Z] waiting for safe slot: active_gpu_count=4 preferred_idle='4 5 6 7 '
[2026-03-28 03:47:02Z] waiting for safe slot: active_gpu_count=4 preferred_idle='4 5 6 7 '
[2026-03-28 03:48:02Z] waiting for safe slot: active_gpu_count=4 preferred_idle='4 5 6 7 '
[2026-03-28 03:49:02Z] waiting for safe slot: active_gpu_count=4 preferred_idle='4 5 6 7 '
[2026-03-28 03:50:02Z] waiting for safe slot: active_gpu_count=4 preferred_idle='4 5 6 7 '
[2026-03-28 03:51:03Z] waiting for safe slot: active_gpu_count=4 preferred_idle='4 5 6 7 '
[2026-03-28 03:52:03Z] waiting for safe slot: active_gpu_count=4 preferred_idle='4 5 6 7 '
[2026-03-28 03:53:03Z] waiting for safe slot: active_gpu_count=4 preferred_idle='4 5 6 7 '
[2026-03-28 03:54:03Z] waiting for safe slot: active_gpu_count=4 preferred_idle='4 5 6 7 '
[2026-03-28 03:55:04Z] waiting for safe slot: active_gpu_count=4 preferred_idle='4 5 6 7 '
[2026-03-28 03:56:04Z] waiting for safe slot: active_gpu_count=4 preferred_idle='4 5 6 7 '
[2026-03-28 03:57:04Z] waiting for safe slot: active_gpu_count=4 preferred_idle='4 5 6 7 '
[2026-03-28 03:58:04Z] waiting for safe slot: active_gpu_count=4 preferred_idle='4 5 6 7 '
[2026-03-28 03:59:05Z] waiting for safe slot: active_gpu_count=4 preferred_idle='4 5 6 7 '
[2026-03-28 04:00:05Z] waiting for safe slot: active_gpu_count=4 preferred_idle='4 5 6 7 '
[2026-03-28 04:01:05Z] waiting for safe slot: active_gpu_count=4 preferred_idle='4 5 6 7 '
[2026-03-28 04:02:05Z] waiting for safe slot: active_gpu_count=4 preferred_idle='4 5 6 7 '
[2026-03-28 04:03:06Z] waiting for safe slot: active_gpu_count=4 preferred_idle='4 5 6 7 '
[2026-03-28 04:04:06Z] waiting for safe slot: active_gpu_count=4 preferred_idle='4 5 6 7 '
[2026-03-28 04:05:06Z] waiting for safe slot: active_gpu_count=4 preferred_idle='4 5 6 7 '
[2026-03-28 04:06:06Z] waiting for safe slot: active_gpu_count=4 preferred_idle='4 5 6 7 '
[2026-03-28 04:07:07Z] waiting for safe slot: active_gpu_count=4 preferred_idle='4 5 6 7 '
[2026-03-28 04:08:07Z] waiting for safe slot: active_gpu_count=4 preferred_idle='4 5 6 7 '
[2026-03-28 04:09:07Z] waiting for safe slot: active_gpu_count=4 preferred_idle='4 5 6 7 '
[2026-03-28 04:10:07Z] waiting for safe slot: active_gpu_count=4 preferred_idle='4 5 6 7 '
[2026-03-28 04:11:08Z] waiting for safe slot: active_gpu_count=4 preferred_idle='4 5 6 7 '
[2026-03-28 04:12:08Z] waiting for safe slot: active_gpu_count=4 preferred_idle='4 5 6 7 '
[2026-03-28 04:13:08Z] waiting for safe slot: active_gpu_count=4 preferred_idle='4 5 6 7 '
[2026-03-28 04:14:08Z] waiting for safe slot: active_gpu_count=4 preferred_idle='4 5 6 7 '
[2026-03-28 04:15:09Z] waiting for safe slot: active_gpu_count=4 preferred_idle='4 5 6 7 '
[2026-03-28 04:16:09Z] waiting for safe slot: active_gpu_count=4 preferred_idle='4 5 6 7 '
[2026-03-28 04:17:09Z] waiting for safe slot: active_gpu_count=4 preferred_idle='4 5 6 7 '
[2026-03-28 04:18:09Z] waiting for safe slot: active_gpu_count=4 preferred_idle='4 5 6 7 '
[2026-03-28 04:19:10Z] waiting for safe slot: active_gpu_count=4 preferred_idle='4 5 6 7 '
[2026-03-28 04:20:10Z] waiting for safe slot: active_gpu_count=4 preferred_idle='4 5 6 7 '
[2026-03-28 04:21:10Z] waiting for safe slot: active_gpu_count=4 preferred_idle='4 5 6 7 '
[2026-03-28 04:22:10Z] waiting for safe slot: active_gpu_count=4 preferred_idle='4 5 6 7 '
[2026-03-28 04:23:11Z] waiting for safe slot: active_gpu_count=4 preferred_idle='4 5 6 7 '
[2026-03-28 04:24:11Z] waiting for safe slot: active_gpu_count=4 preferred_idle='4 5 6 7 '
[2026-03-28 04:25:11Z] waiting for safe slot: active_gpu_count=4 preferred_idle='4 5 6 7 '
[2026-03-28 04:26:11Z] waiting for safe slot: active_gpu_count=4 preferred_idle='4 5 6 7 '
[2026-03-28 04:27:11Z] waiting for safe slot: active_gpu_count=4 preferred_idle='4 5 6 7 '
[2026-03-28 04:28:12Z] waiting for safe slot: active_gpu_count=4 preferred_idle='4 5 6 7 '
[2026-03-28 04:29:12Z] waiting for safe slot: active_gpu_count=4 preferred_idle='4 5 6 7 '
[2026-03-28 04:30:12Z] waiting for safe slot: active_gpu_count=4 preferred_idle='4 5 6 7 '
[2026-03-28 04:31:12Z] waiting for safe slot: active_gpu_count=4 preferred_idle='4 5 6 7 '
[2026-03-28 04:32:13Z] waiting for safe slot: active_gpu_count=4 preferred_idle='4 5 6 7 '
[2026-03-28 04:33:13Z] waiting for safe slot: active_gpu_count=4 preferred_idle='4 5 6 7 '
[2026-03-28 04:34:13Z] waiting for safe slot: active_gpu_count=4 preferred_idle='4 5 6 7 '
[2026-03-28 04:35:13Z] waiting for safe slot: active_gpu_count=4 preferred_idle='4 5 6 7 '
[2026-03-28 04:36:14Z] waiting for safe slot: active_gpu_count=4 preferred_idle='4 5 6 7 '
[2026-03-28 04:37:14Z] waiting for safe slot: active_gpu_count=4 preferred_idle='4 5 6 7 '
[2026-03-28 04:38:14Z] waiting for safe slot: active_gpu_count=4 preferred_idle='4 5 6 7 '
[2026-03-28 04:39:14Z] waiting for safe slot: active_gpu_count=4 preferred_idle='4 5 6 7 '
[2026-03-28 04:40:15Z] waiting for safe slot: active_gpu_count=4 preferred_idle='4 5 6 7 '
[2026-03-28 04:41:15Z] waiting for safe slot: active_gpu_count=4 preferred_idle='4 5 6 7 '
[2026-03-28 04:42:15Z] waiting for safe slot: active_gpu_count=4 preferred_idle='4 5 6 7 '
[2026-03-28 04:43:15Z] waiting for safe slot: active_gpu_count=4 preferred_idle='4 5 6 7 '
[2026-03-28 04:44:16Z] waiting for safe slot: active_gpu_count=4 preferred_idle='4 5 6 7 '
[2026-03-28 04:45:16Z] waiting for safe slot: active_gpu_count=4 preferred_idle='4 5 6 7 '
[2026-03-28 04:46:16Z] waiting for safe slot: active_gpu_count=4 preferred_idle='4 5 6 7 '
[2026-03-28 04:47:17Z] waiting for safe slot: active_gpu_count=4 preferred_idle='4 5 6 7 '
[2026-03-28 04:48:17Z] waiting for safe slot: active_gpu_count=4 preferred_idle='4 5 6 7 '
[2026-03-28 04:49:18Z] waiting for safe slot: active_gpu_count=4 preferred_idle='4 5 6 7 '
[2026-03-28 04:50:18Z] waiting for safe slot: active_gpu_count=4 preferred_idle='4 5 6 7 '
[2026-03-28 04:51:18Z] waiting for safe slot: active_gpu_count=4 preferred_idle='4 5 6 7 '
[2026-03-28 04:52:18Z] waiting for safe slot: active_gpu_count=4 preferred_idle='4 5 6 7 '
[2026-03-28 04:53:19Z] waiting for safe slot: active_gpu_count=4 preferred_idle='4 5 6 7 '
[2026-03-28 04:54:19Z] waiting for safe slot: active_gpu_count=4 preferred_idle='4 5 6 7 '
[2026-03-28 04:55:19Z] waiting for safe slot: active_gpu_count=4 preferred_idle='4 5 6 7 '
[2026-03-28 04:56:19Z] waiting for safe slot: active_gpu_count=4 preferred_idle='4 5 6 7 '
[2026-03-28 04:57:20Z] waiting for safe slot: active_gpu_count=4 preferred_idle='4 5 6 7 '
[2026-03-28 04:58:20Z] waiting for safe slot: active_gpu_count=4 preferred_idle='4 5 6 7 '
[2026-03-28 04:59:20Z] waiting for safe slot: active_gpu_count=4 preferred_idle='4 5 6 7 '
[2026-03-28 05:00:20Z] waiting for safe slot: active_gpu_count=4 preferred_idle='4 5 6 7 '
[2026-03-28 05:01:21Z] waiting for safe slot: active_gpu_count=4 preferred_idle='4 5 6 7 '
[2026-03-28 05:02:21Z] waiting for safe slot: active_gpu_count=4 preferred_idle='4 5 6 7 '
[2026-03-28 05:03:21Z] waiting for safe slot: active_gpu_count=4 preferred_idle='4 5 6 7 '
[2026-03-28 05:04:21Z] waiting for safe slot: active_gpu_count=4 preferred_idle='4 5 6 7 '
[2026-03-28 05:05:22Z] waiting for safe slot: active_gpu_count=4 preferred_idle='4 5 6 7 '
[2026-03-28 05:06:22Z] waiting for safe slot: active_gpu_count=4 preferred_idle='4 5 6 7 '
[2026-03-28 05:07:22Z] waiting for safe slot: active_gpu_count=4 preferred_idle='4 5 6 7 '
[2026-03-28 05:08:22Z] waiting for safe slot: active_gpu_count=4 preferred_idle='4 5 6 7 '
[2026-03-28 05:09:23Z] waiting for safe slot: active_gpu_count=4 preferred_idle='4 5 6 7 '
[2026-03-28 05:10:23Z] waiting for safe slot: active_gpu_count=4 preferred_idle='4 5 6 7 '
[2026-03-28 05:11:23Z] waiting for safe slot: active_gpu_count=4 preferred_idle='4 5 6 7 '
[2026-03-28 05:12:23Z] waiting for safe slot: active_gpu_count=4 preferred_idle='4 5 6 7 '
[2026-03-28 05:13:24Z] waiting for safe slot: active_gpu_count=4 preferred_idle='4 5 6 7 '
[2026-03-28 05:14:24Z] waiting for safe slot: active_gpu_count=4 preferred_idle='4 5 6 7 '
[2026-03-28 05:15:24Z] waiting for safe slot: active_gpu_count=4 preferred_idle='4 5 6 7 '
[2026-03-28 05:16:24Z] waiting for safe slot: active_gpu_count=4 preferred_idle='4 5 6 7 '
[2026-03-28 05:17:25Z] waiting for safe slot: active_gpu_count=4 preferred_idle='4 5 6 7 '
[2026-03-28 05:18:25Z] waiting for safe slot: active_gpu_count=4 preferred_idle='4 5 6 7 '
[2026-03-28 05:19:25Z] waiting for safe slot: active_gpu_count=4 preferred_idle='4 5 6 7 '
[2026-03-28 05:20:25Z] waiting for safe slot: active_gpu_count=4 preferred_idle='4 5 6 7 '
[2026-03-28 05:21:26Z] waiting for safe slot: active_gpu_count=4 preferred_idle='4 5 6 7 '
[2026-03-28 05:22:26Z] waiting for safe slot: active_gpu_count=4 preferred_idle='4 5 6 7 '
[2026-03-28 05:23:26Z] waiting for safe slot: active_gpu_count=4 preferred_idle='4 5 6 7 '
[2026-03-28 05:24:26Z] waiting for safe slot: active_gpu_count=4 preferred_idle='4 5 6 7 '
[2026-03-28 05:25:27Z] waiting for safe slot: active_gpu_count=4 preferred_idle='4 5 6 7 '
[2026-03-28 05:26:27Z] waiting for safe slot: active_gpu_count=4 preferred_idle='4 5 6 7 '
[2026-03-28 05:27:27Z] waiting for safe slot: active_gpu_count=4 preferred_idle='4 5 6 7 '
[2026-03-28 05:28:27Z] waiting for safe slot: active_gpu_count=4 preferred_idle='4 5 6 7 '
[2026-03-28 05:29:28Z] waiting for safe slot: active_gpu_count=4 preferred_idle='4 5 6 7 '
[2026-03-28 05:30:28Z] waiting for safe slot: active_gpu_count=4 preferred_idle='4 5 6 7 '
[2026-03-28 05:31:28Z] waiting for safe slot: active_gpu_count=4 preferred_idle='4 5 6 7 '
[2026-03-28 05:32:28Z] waiting for safe slot: active_gpu_count=4 preferred_idle='4 5 6 7 '
[2026-03-28 05:33:28Z] waiting for safe slot: active_gpu_count=4 preferred_idle='4 5 6 7 '
[2026-03-28 05:34:29Z] waiting for safe slot: active_gpu_count=4 preferred_idle='4 5 6 7 '
[2026-03-28 05:35:29Z] waiting for safe slot: active_gpu_count=4 preferred_idle='4 5 6 7 '
[2026-03-28 05:36:29Z] waiting for safe slot: active_gpu_count=4 preferred_idle='4 5 6 7 '
[2026-03-28 05:37:30Z] waiting for safe slot: active_gpu_count=4 preferred_idle='4 5 6 7 '
[2026-03-28 05:38:30Z] waiting for safe slot: active_gpu_count=4 preferred_idle='4 5 6 7 '
[2026-03-28 05:39:30Z] waiting for safe slot: active_gpu_count=4 preferred_idle='4 5 6 7 '
[2026-03-28 05:40:30Z] waiting for safe slot: active_gpu_count=4 preferred_idle='4 5 6 7 '
[2026-03-28 05:41:30Z] waiting for safe slot: active_gpu_count=4 preferred_idle='4 5 6 7 '
[2026-03-28 05:42:31Z] waiting for safe slot: active_gpu_count=4 preferred_idle='4 5 6 7 '
[2026-03-28 05:43:31Z] waiting for safe slot: active_gpu_count=4 preferred_idle='4 5 6 7 '
[2026-03-28 05:44:31Z] waiting for safe slot: active_gpu_count=4 preferred_idle='4 5 6 7 '
[2026-03-28 05:45:31Z] waiting for safe slot: active_gpu_count=4 preferred_idle='4 5 6 7 '
[2026-03-28 05:46:32Z] waiting for safe slot: active_gpu_count=4 preferred_idle='4 5 6 7 '
[2026-03-28 05:47:32Z] waiting for safe slot: active_gpu_count=4 preferred_idle='4 5 6 7 '
[2026-03-28 05:48:32Z] waiting for safe slot: active_gpu_count=4 preferred_idle='4 5 6 7 '
[2026-03-28 05:49:32Z] waiting for safe slot: active_gpu_count=4 preferred_idle='4 5 6 7 '
[2026-03-28 05:50:33Z] waiting for safe slot: active_gpu_count=4 preferred_idle='4 5 6 7 '
[2026-03-28 05:51:33Z] waiting for safe slot: active_gpu_count=4 preferred_idle='4 5 6 7 '
[2026-03-28 05:52:33Z] waiting for safe slot: active_gpu_count=4 preferred_idle='4 5 6 7 '
[2026-03-28 05:53:33Z] waiting for safe slot: active_gpu_count=4 preferred_idle='4 5 6 7 '
[2026-03-28 05:54:34Z] waiting for safe slot: active_gpu_count=4 preferred_idle='4 5 6 7 '
[2026-03-28 05:55:34Z] waiting for safe slot: active_gpu_count=4 preferred_idle='4 5 6 7 '
[2026-03-28 05:56:34Z] waiting for safe slot: active_gpu_count=4 preferred_idle='4 5 6 7 '
[2026-03-28 05:57:34Z] waiting for safe slot: active_gpu_count=4 preferred_idle='4 5 6 7 '
[2026-03-28 05:58:35Z] waiting for safe slot: active_gpu_count=4 preferred_idle='4 5 6 7 '
[2026-03-28 05:59:35Z] waiting for safe slot: active_gpu_count=4 preferred_idle='4 5 6 7 '
[2026-03-28 06:00:35Z] waiting for safe slot: active_gpu_count=4 preferred_idle='4 5 6 7 '
[2026-03-28 06:01:35Z] waiting for safe slot: active_gpu_count=4 preferred_idle='4 5 6 7 '
[2026-03-28 06:02:36Z] waiting for safe slot: active_gpu_count=4 preferred_idle='4 5 6 7 '
[2026-03-28 06:03:36Z] waiting for safe slot: active_gpu_count=4 preferred_idle='4 5 6 7 '
[2026-03-28 06:04:36Z] waiting for safe slot: active_gpu_count=4 preferred_idle='4 5 6 7 '
[2026-03-28 06:05:36Z] waiting for safe slot: active_gpu_count=4 preferred_idle='4 5 6 7 '
[2026-03-28 06:06:37Z] waiting for safe slot: active_gpu_count=4 preferred_idle='4 5 6 7 '
[2026-03-28 06:07:37Z] waiting for safe slot: active_gpu_count=4 preferred_idle='4 5 6 7 '
[2026-03-28 06:08:37Z] waiting for safe slot: active_gpu_count=4 preferred_idle='4 5 6 7 '
[2026-03-28 06:09:37Z] waiting for safe slot: active_gpu_count=4 preferred_idle='4 5 6 7 '
[2026-03-28 06:10:38Z] waiting for safe slot: active_gpu_count=4 preferred_idle='4 5 6 7 '
[2026-03-28 06:11:38Z] waiting for safe slot: active_gpu_count=4 preferred_idle='4 5 6 7 '
[2026-03-28 06:12:38Z] waiting for safe slot: active_gpu_count=4 preferred_idle='4 5 6 7 '
[2026-03-28 06:13:38Z] waiting for safe slot: active_gpu_count=4 preferred_idle='4 5 6 7 '
[2026-03-28 06:14:39Z] waiting for safe slot: active_gpu_count=8 preferred_idle='none'
[2026-03-28 06:15:39Z] waiting for safe slot: active_gpu_count=8 preferred_idle='none'
[2026-03-28 06:16:39Z] waiting for safe slot: active_gpu_count=8 preferred_idle='none'
[2026-03-28 06:17:40Z] waiting for safe slot: active_gpu_count=8 preferred_idle='none'
[2026-03-28 06:18:40Z] waiting for safe slot: active_gpu_count=8 preferred_idle='none'
[2026-03-28 06:19:40Z] waiting for safe slot: active_gpu_count=8 preferred_idle='none'
[2026-03-28 06:20:40Z] waiting for safe slot: active_gpu_count=8 preferred_idle='none'
[2026-03-28 06:21:41Z] waiting for safe slot: active_gpu_count=4 preferred_idle='4 5 6 7 '
[2026-03-28 06:22:41Z] waiting for safe slot: active_gpu_count=8 preferred_idle='none'
[2026-03-28 06:23:41Z] waiting for safe slot: active_gpu_count=8 preferred_idle='none'
[2026-03-28 06:24:41Z] deadline reached before a safe GPU slot opened
